app/manifest-merger-release-report.txt
-- Merging decision tree log ---
manifest
ADDED from AndroidManifest.xml:2:1
	xmlns:android
		ADDED from AndroidManifest.xml:2:11
	package
		ADDED from AndroidManifest.xml:3:5
		INJECTED from AndroidManifest.xml:0:0
		INJECTED from AndroidManifest.xml:0:0
	android:versionName
		INJECTED from AndroidManifest.xml:0:0
		INJECTED from AndroidManifest.xml:0:0
	android:versionCode
		INJECTED from AndroidManifest.xml:0:0
		INJECTED from AndroidManifest.xml:0:0
uses-permission#android.permission.INTERNET
ADDED from AndroidManifest.xml:5:5
	android:name
		ADDED from AndroidManifest.xml:5:22
uses-permission#android.permission.ACCESS_NETWORK_STATE
ADDED from AndroidManifest.xml:6:5
	android:name
		ADDED from AndroidManifest.xml:6:22
uses-feature#android.hardware.camera
ADDED from AndroidManifest.xml:10:5
	android:required
		ADDED from AndroidManifest.xml:12:9
	android:name
		ADDED from AndroidManifest.xml:11:9
uses-feature#android.hardware.camera.autofocus
ADDED from AndroidManifest.xml:13:5
	android:required
		ADDED from AndroidManifest.xml:15:9
	android:name
		ADDED from AndroidManifest.xml:14:9
uses-permission#android.permission.CAMERA
ADDED from AndroidManifest.xml:18:5
	android:name
		ADDED from AndroidManifest.xml:19:9
uses-permission#android.permission.VIBRATE
ADDED from AndroidManifest.xml:20:5
	android:name
		ADDED from AndroidManifest.xml:21:9
uses-permission#android.permission.ACCESS_WIFI_STATE
ADDED from AndroidManifest.xml:26:5
	android:name
		ADDED from AndroidManifest.xml:27:9
uses-permission#android.permission.WRITE_EXTERNAL_STORAGE
ADDED from AndroidManifest.xml:32:5
	android:name
		ADDED from AndroidManifest.xml:32:22
uses-permission#com.google.android.providers.gsf.permission.READ_GSERVICES
ADDED from AndroidManifest.xml:34:5
	android:name
		ADDED from AndroidManifest.xml:34:22
uses-permission#android.permission.ACCESS_COARSE_LOCATION
ADDED from AndroidManifest.xml:35:5
	android:name
		ADDED from AndroidManifest.xml:35:22
uses-permission#android.permission.ACCESS_FINE_LOCATION
ADDED from AndroidManifest.xml:36:5
	android:name
		ADDED from AndroidManifest.xml:36:22
application
ADDED from AndroidManifest.xml:40:5
MERGED from com.android.support:support-v4:21.0.0:16:5
MERGED from com.android.support:support-v13:21.0.0:16:5
MERGED from com.android.support:support-v4:21.0.0:16:5
MERGED from com.android.support:support-v4:21.0.0:16:5
	android:label
		ADDED from AndroidManifest.xml:44:9
	android:allowBackup
		ADDED from AndroidManifest.xml:42:9
	android:icon
		ADDED from AndroidManifest.xml:43:9
	android:theme
		ADDED from AndroidManifest.xml:45:9
	android:name
		ADDED from AndroidManifest.xml:41:9
activity#com.umow.android.ActivityUMow
ADDED from AndroidManifest.xml:46:9
	android:label
		ADDED from AndroidManifest.xml:48:13
	android:name
		ADDED from AndroidManifest.xml:47:13
intent-filter#android.intent.action.MAIN+android.intent.category.LAUNCHER
ADDED from AndroidManifest.xml:49:13
action#android.intent.action.MAIN
ADDED from AndroidManifest.xml:50:17
	android:name
		ADDED from AndroidManifest.xml:50:25
category#android.intent.category.LAUNCHER
ADDED from AndroidManifest.xml:51:17
	android:name
		ADDED from AndroidManifest.xml:51:27
activity#com.umow.android.ActivityFirstPage
ADDED from AndroidManifest.xml:55:9
	android:label
		ADDED from AndroidManifest.xml:57:13
	android:theme
		ADDED from AndroidManifest.xml:58:13
	android:name
		ADDED from AndroidManifest.xml:56:13
activity#com.umow.android.ActivityCreateAccount
ADDED from AndroidManifest.xml:61:9
	android:label
		ADDED from AndroidManifest.xml:63:13
	android:name
		ADDED from AndroidManifest.xml:62:13
activity#com.umow.android.ActivityJohn
ADDED from AndroidManifest.xml:65:9
	android:label
		ADDED from AndroidManifest.xml:67:13
	android:name
		ADDED from AndroidManifest.xml:66:13
activity#com.umow.android.ActivitySandbox
ADDED from AndroidManifest.xml:70:9
	android:label
		ADDED from AndroidManifest.xml:72:13
	android:name
		ADDED from AndroidManifest.xml:71:13
activity#com.umow.android.ActivitySearch
ADDED from AndroidManifest.xml:74:9
	android:label
		ADDED from AndroidManifest.xml:76:13
	android:name
		ADDED from AndroidManifest.xml:75:13
activity#com.umow.android.ActivityLandscaper
ADDED from AndroidManifest.xml:78:9
	android:label
		ADDED from AndroidManifest.xml:80:13
	android:name
		ADDED from AndroidManifest.xml:79:13
activity#com.umow.android.ActivityPayment
ADDED from AndroidManifest.xml:82:9
	android:label
		ADDED from AndroidManifest.xml:84:13
	android:name
		ADDED from AndroidManifest.xml:83:13
activity#com.umow.android.ActivityAdmin
ADDED from AndroidManifest.xml:86:9
	android:label
		ADDED from AndroidManifest.xml:88:13
	android:name
		ADDED from AndroidManifest.xml:87:13
service#com.paypal.android.sdk.payments.PayPalService
ADDED from AndroidManifest.xml:91:9
	android:exported
		ADDED from AndroidManifest.xml:92:13
	android:name
		ADDED from AndroidManifest.xml:91:18
activity#com.paypal.android.sdk.payments.PaymentActivity
ADDED from AndroidManifest.xml:94:9
	android:name
		ADDED from AndroidManifest.xml:94:19
activity#com.paypal.android.sdk.payments.LoginActivity
ADDED from AndroidManifest.xml:95:9
	android:name
		ADDED from AndroidManifest.xml:95:19
activity#com.paypal.android.sdk.payments.PaymentMethodActivity
ADDED from AndroidManifest.xml:96:9
	android:name
		ADDED from AndroidManifest.xml:96:19
activity#com.paypal.android.sdk.payments.PaymentConfirmActivity
ADDED from AndroidManifest.xml:97:9
	android:name
		ADDED from AndroidManifest.xml:97:19
activity#com.paypal.android.sdk.payments.PayPalFuturePaymentActivity
ADDED from AndroidManifest.xml:98:9
	android:name
		ADDED from AndroidManifest.xml:98:19
activity#com.paypal.android.sdk.payments.FuturePaymentConsentActivity
ADDED from AndroidManifest.xml:99:9
	android:name
		ADDED from AndroidManifest.xml:99:19
activity#com.paypal.android.sdk.payments.FuturePaymentInfoActivity
ADDED from AndroidManifest.xml:100:9
	android:name
		ADDED from AndroidManifest.xml:100:19
activity#com.paypal.android.sdk.payments.PayPalProfileSharingActivity
ADDED from AndroidManifest.xml:101:9
	android:name
		ADDED from AndroidManifest.xml:101:19
activity#com.paypal.android.sdk.payments.ProfileSharingConsentActivity
ADDED from AndroidManifest.xml:102:9
	android:name
		ADDED from AndroidManifest.xml:102:19
activity#io.card.payment.CardIOActivity
ADDED from AndroidManifest.xml:104:9
	android:configChanges
		ADDED from AndroidManifest.xml:106:13
	android:name
		ADDED from AndroidManifest.xml:105:13
activity#io.card.payment.DataEntryActivity
ADDED from AndroidManifest.xml:107:9
	android:name
		ADDED from AndroidManifest.xml:107:19
meta-data#com.google.android.gms.version
ADDED from AndroidManifest.xml:109:9
	android:name
		ADDED from AndroidManifest.xml:109:20
	android:value
		ADDED from AndroidManifest.xml:109:66
meta-data#com.google.android.maps.v2.API_KEY
ADDED from AndroidManifest.xml:111:9
	android:name
		ADDED from AndroidManifest.xml:112:13
	android:value
		ADDED from AndroidManifest.xml:113:13
uses-sdk
INJECTED from AndroidManifest.xml:0:0 reason: use-sdk injection requested
MERGED from com.google.android.gms:play-services:4.2.42:7:5
MERGED from com.android.support:support-v4:21.0.0:15:5
MERGED from com.android.support:support-v13:21.0.0:15:5
MERGED from com.android.support:support-v4:21.0.0:15:5
MERGED from com.android.support:support-v4:21.0.0:15:5
	android:targetSdkVersion
		INJECTED from AndroidManifest.xml:0:0
		INJECTED from AndroidManifest.xml:0:0
	android:minSdkVersion
		INJECTED from AndroidManifest.xml:0:0
		INJECTED from AndroidManifest.xml:0:0